[13-May-2016 17:55:55 UTC] PHP Warning:  mysqli_connect(): (HY000/1049): Unknown database 'paineladm' in /home/ubuntu/workspace/paineladm/classes/banco.class.php on line 27
[13-May-2016 17:55:55 UTC] PHP Stack trace:
[13-May-2016 17:55:55 UTC] PHP   1. {main}() /home/ubuntu/workspace/paineladm/index.php:0
[13-May-2016 17:55:55 UTC] PHP   2. loadmodulo() /home/ubuntu/workspace/paineladm/index.php:31
[13-May-2016 17:55:55 UTC] PHP   3. include_once() /home/ubuntu/workspace/paineladm/funcoes.php:47
[13-May-2016 17:55:55 UTC] PHP   4. usuarios->__construct() /home/ubuntu/workspace/paineladm/modulos/usuarios.php:11
[13-May-2016 17:55:55 UTC] PHP   5. banco->__construct() /home/ubuntu/workspace/paineladm/classes/usuarios.class.php:6
[13-May-2016 17:55:55 UTC] PHP   6. banco->conecta() /home/ubuntu/workspace/paineladm/classes/banco.class.php:17
[13-May-2016 17:55:55 UTC] PHP   7. mysqli_connect() /home/ubuntu/workspace/paineladm/classes/banco.class.php:27
[13-May-2016 17:55:55 UTC] PHP Warning:  mysqli_errno() expects exactly 1 parameter, 0 given in /home/ubuntu/workspace/paineladm/classes/banco.class.php on line 27
[13-May-2016 17:55:55 UTC] PHP Stack trace:
[13-May-2016 17:55:55 UTC] PHP   1. {main}() /home/ubuntu/workspace/paineladm/index.php:0
[13-May-2016 17:55:55 UTC] PHP   2. loadmodulo() /home/ubuntu/workspace/paineladm/index.php:31
[13-May-2016 17:55:55 UTC] PHP   3. include_once() /home/ubuntu/workspace/paineladm/funcoes.php:47
[13-May-2016 17:55:55 UTC] PHP   4. usuarios->__construct() /home/ubuntu/workspace/paineladm/modulos/usuarios.php:11
[13-May-2016 17:55:55 UTC] PHP   5. banco->__construct() /home/ubuntu/workspace/paineladm/classes/usuarios.class.php:6
[13-May-2016 17:55:55 UTC] PHP   6. banco->conecta() /home/ubuntu/workspace/paineladm/classes/banco.class.php:17
[13-May-2016 17:55:55 UTC] PHP   7. mysqli_errno() /home/ubuntu/workspace/paineladm/classes/banco.class.php:27
[13-May-2016 17:55:55 UTC] PHP Warning:  mysqli_error() expects exactly 1 parameter, 0 given in /home/ubuntu/workspace/paineladm/classes/banco.class.php on line 27
[13-May-2016 17:55:55 UTC] PHP Stack trace:
[13-May-2016 17:55:55 UTC] PHP   1. {main}() /home/ubuntu/workspace/paineladm/index.php:0
[13-May-2016 17:55:55 UTC] PHP   2. loadmodulo() /home/ubuntu/workspace/paineladm/index.php:31
[13-May-2016 17:55:55 UTC] PHP   3. include_once() /home/ubuntu/workspace/paineladm/funcoes.php:47
[13-May-2016 17:55:55 UTC] PHP   4. usuarios->__construct() /home/ubuntu/workspace/paineladm/modulos/usuarios.php:11
[13-May-2016 17:55:55 UTC] PHP   5. banco->__construct() /home/ubuntu/workspace/paineladm/classes/usuarios.class.php:6
[13-May-2016 17:55:55 UTC] PHP   6. banco->conecta() /home/ubuntu/workspace/paineladm/classes/banco.class.php:17
[13-May-2016 17:55:55 UTC] PHP   7. mysqli_error() /home/ubuntu/workspace/paineladm/classes/banco.class.php:27
[13-May-2016 17:55:55 UTC] PHP Warning:  mysqli_errno() expects parameter 1 to be mysqli, boolean given in /home/ubuntu/workspace/paineladm/classes/banco.class.php on line 142
[13-May-2016 17:55:55 UTC] PHP Stack trace:
[13-May-2016 17:55:55 UTC] PHP   1. {main}() /home/ubuntu/workspace/paineladm/index.php:0
[13-May-2016 17:55:55 UTC] PHP   2. loadmodulo() /home/ubuntu/workspace/paineladm/index.php:31
[13-May-2016 17:55:55 UTC] PHP   3. include_once() /home/ubuntu/workspace/paineladm/funcoes.php:47
[13-May-2016 17:55:55 UTC] PHP   4. usuarios->__construct() /home/ubuntu/workspace/paineladm/modulos/usuarios.php:11
[13-May-2016 17:55:55 UTC] PHP   5. banco->__construct() /home/ubuntu/workspace/paineladm/classes/usuarios.class.php:6
[13-May-2016 17:55:55 UTC] PHP   6. banco->conecta() /home/ubuntu/workspace/paineladm/classes/banco.class.php:17
[13-May-2016 17:55:55 UTC] PHP   7. banco->trataerro() /home/ubuntu/workspace/paineladm/classes/banco.class.php:27
[13-May-2016 17:55:55 UTC] PHP   8. mysqli_errno() /home/ubuntu/workspace/paineladm/classes/banco.class.php:142
[13-May-2016 17:55:55 UTC] PHP Warning:  mysqli_error() expects parameter 1 to be mysqli, boolean given in /home/ubuntu/workspace/paineladm/classes/banco.class.php on line 143
[13-May-2016 17:55:55 UTC] PHP Stack trace:
[13-May-2016 17:55:55 UTC] PHP   1. {main}() /home/ubuntu/workspace/paineladm/index.php:0
[13-May-2016 17:55:55 UTC] PHP   2. loadmodulo() /home/ubuntu/workspace/paineladm/index.php:31
[13-May-2016 17:55:55 UTC] PHP   3. include_once() /home/ubuntu/workspace/paineladm/funcoes.php:47
[13-May-2016 17:55:55 UTC] PHP   4. usuarios->__construct() /home/ubuntu/workspace/paineladm/modulos/usuarios.php:11
[13-May-2016 17:55:55 UTC] PHP   5. banco->__construct() /home/ubuntu/workspace/paineladm/classes/usuarios.class.php:6
[13-May-2016 17:55:55 UTC] PHP   6. banco->conecta() /home/ubuntu/workspace/paineladm/classes/banco.class.php:17
[13-May-2016 17:55:55 UTC] PHP   7. banco->trataerro() /home/ubuntu/workspace/paineladm/classes/banco.class.php:27
[13-May-2016 17:55:55 UTC] PHP   8. mysqli_error() /home/ubuntu/workspace/paineladm/classes/banco.class.php:143
[17-May-2016 11:55:06 UTC] PHP Warning:  require_once(conexao.php): failed to open stream: No such file or directory in /home/ubuntu/workspace/cliente/listar.php on line 1
[17-May-2016 11:55:06 UTC] PHP Stack trace:
[17-May-2016 11:55:06 UTC] PHP   1. {main}() /home/ubuntu/workspace/cliente/listar.php:0
[17-May-2016 11:55:06 UTC] PHP Fatal error:  require_once(): Failed opening required 'conexao.php' (include_path='.:/usr/share/php:/usr/share/pear') in /home/ubuntu/workspace/cliente/listar.php on line 1
[17-May-2016 11:55:06 UTC] PHP Stack trace:
[17-May-2016 11:55:06 UTC] PHP   1. {main}() /home/ubuntu/workspace/cliente/listar.php:0
[17-May-2016 11:55:28 UTC] PHP Warning:  include(header.php): failed to open stream: No such file or directory in /home/ubuntu/workspace/cliente/listar.php on line 13
[17-May-2016 11:55:28 UTC] PHP Stack trace:
[17-May-2016 11:55:28 UTC] PHP   1. {main}() /home/ubuntu/workspace/cliente/listar.php:0
[17-May-2016 11:55:28 UTC] PHP Warning:  include(): Failed opening 'header.php' for inclusion (include_path='.:/usr/share/php:/usr/share/pear') in /home/ubuntu/workspace/cliente/listar.php on line 13
[17-May-2016 11:55:28 UTC] PHP Stack trace:
[17-May-2016 11:55:28 UTC] PHP   1. {main}() /home/ubuntu/workspace/cliente/listar.php:0
[17-May-2016 11:55:28 UTC] PHP Warning:  include(sidebar.php): failed to open stream: No such file or directory in /home/ubuntu/workspace/cliente/listar.php on line 15
[17-May-2016 11:55:28 UTC] PHP Stack trace:
[17-May-2016 11:55:28 UTC] PHP   1. {main}() /home/ubuntu/workspace/cliente/listar.php:0
[17-May-2016 11:55:28 UTC] PHP Warning:  include(): Failed opening 'sidebar.php' for inclusion (include_path='.:/usr/share/php:/usr/share/pear') in /home/ubuntu/workspace/cliente/listar.php on line 15
[17-May-2016 11:55:28 UTC] PHP Stack trace:
[17-May-2016 11:55:28 UTC] PHP   1. {main}() /home/ubuntu/workspace/cliente/listar.php:0
[17-May-2016 11:55:28 UTC] PHP Warning:  include(footer.php): failed to open stream: No such file or directory in /home/ubuntu/workspace/cliente/listar.php on line 63
[17-May-2016 11:55:28 UTC] PHP Stack trace:
[17-May-2016 11:55:28 UTC] PHP   1. {main}() /home/ubuntu/workspace/cliente/listar.php:0
[17-May-2016 11:55:28 UTC] PHP Warning:  include(): Failed opening 'footer.php' for inclusion (include_path='.:/usr/share/php:/usr/share/pear') in /home/ubuntu/workspace/cliente/listar.php on line 63
[17-May-2016 11:55:28 UTC] PHP Stack trace:
[17-May-2016 11:55:28 UTC] PHP   1. {main}() /home/ubuntu/workspace/cliente/listar.php:0
[17-May-2016 11:58:23 UTC] PHP Warning:  require_once('.dirname(__FILE__).'/'conexao.php): failed to open stream: No such file or directory in /home/ubuntu/workspace/cliente/listar.php on line 1
[17-May-2016 11:58:23 UTC] PHP Stack trace:
[17-May-2016 11:58:23 UTC] PHP   1. {main}() /home/ubuntu/workspace/cliente/listar.php:0
[17-May-2016 11:58:23 UTC] PHP Fatal error:  require_once(): Failed opening required ''.dirname(__FILE__).'/'conexao.php' (include_path='.:/usr/share/php:/usr/share/pear') in /home/ubuntu/workspace/cliente/listar.php on line 1
[17-May-2016 11:58:23 UTC] PHP Stack trace:
[17-May-2016 11:58:23 UTC] PHP   1. {main}() /home/ubuntu/workspace/cliente/listar.php:0
[17-May-2016 11:58:33 UTC] PHP Warning:  require_once(conexao.php): failed to open stream: No such file or directory in /home/ubuntu/workspace/cliente/listar.php on line 1
[17-May-2016 11:58:33 UTC] PHP Stack trace:
[17-May-2016 11:58:33 UTC] PHP   1. {main}() /home/ubuntu/workspace/cliente/listar.php:0
[17-May-2016 11:58:33 UTC] PHP Fatal error:  require_once(): Failed opening required 'conexao.php' (include_path='.:/usr/share/php:/usr/share/pear') in /home/ubuntu/workspace/cliente/listar.php on line 1
[17-May-2016 11:58:33 UTC] PHP Stack trace:
[17-May-2016 11:58:33 UTC] PHP   1. {main}() /home/ubuntu/workspace/cliente/listar.php:0
[17-May-2016 11:59:36 UTC] PHP Warning:  require_once(/home/ubuntu/workspace/cliente"conexao.php"): failed to open stream: No such file or directory in /home/ubuntu/workspace/cliente/listar.php on line 1
[17-May-2016 11:59:36 UTC] PHP Stack trace:
[17-May-2016 11:59:36 UTC] PHP   1. {main}() /home/ubuntu/workspace/cliente/listar.php:0
[17-May-2016 11:59:36 UTC] PHP Fatal error:  require_once(): Failed opening required '/home/ubuntu/workspace/cliente"conexao.php"' (include_path='.:/usr/share/php:/usr/share/pear') in /home/ubuntu/workspace/cliente/listar.php on line 1
[17-May-2016 11:59:36 UTC] PHP Stack trace:
[17-May-2016 11:59:36 UTC] PHP   1. {main}() /home/ubuntu/workspace/cliente/listar.php:0
[17-May-2016 12:00:10 UTC] PHP Warning:  require_once(listar.php"conexao.php"): failed to open stream: No such file or directory in /home/ubuntu/workspace/cliente/listar.php on line 1
[17-May-2016 12:00:10 UTC] PHP Stack trace:
[17-May-2016 12:00:10 UTC] PHP   1. {main}() /home/ubuntu/workspace/cliente/listar.php:0
[17-May-2016 12:00:10 UTC] PHP Fatal error:  require_once(): Failed opening required 'listar.php"conexao.php"' (include_path='.:/usr/share/php:/usr/share/pear') in /home/ubuntu/workspace/cliente/listar.php on line 1
[17-May-2016 12:00:10 UTC] PHP Stack trace:
[17-May-2016 12:00:10 UTC] PHP   1. {main}() /home/ubuntu/workspace/cliente/listar.php:0
[27-May-2016 17:54:49 UTC] PHP Warning:  require_once(passo/pagina-.php): failed to open stream: No such file or directory in /home/ubuntu/workspace/bk/install/index.php on line 13
[27-May-2016 17:54:49 UTC] PHP Stack trace:
[27-May-2016 17:54:49 UTC] PHP   1. {main}() /home/ubuntu/workspace/bk/install/index.php:0
[27-May-2016 17:54:49 UTC] PHP Fatal error:  require_once(): Failed opening required 'passo/pagina-.php' (include_path='.:/usr/share/php:/usr/share/pear') in /home/ubuntu/workspace/bk/install/index.php on line 13
[27-May-2016 17:54:49 UTC] PHP Stack trace:
[27-May-2016 17:54:49 UTC] PHP   1. {main}() /home/ubuntu/workspace/bk/install/index.php:0
[27-May-2016 17:54:50 UTC] PHP Warning:  require_once(passo/pagina-1.php): failed to open stream: No such file or directory in /home/ubuntu/workspace/bk/install/index.php on line 13
[27-May-2016 17:54:50 UTC] PHP Stack trace:
[27-May-2016 17:54:50 UTC] PHP   1. {main}() /home/ubuntu/workspace/bk/install/index.php:0
[27-May-2016 17:54:50 UTC] PHP Fatal error:  require_once(): Failed opening required 'passo/pagina-1.php' (include_path='.:/usr/share/php:/usr/share/pear') in /home/ubuntu/workspace/bk/install/index.php on line 13
[27-May-2016 17:54:50 UTC] PHP Stack trace:
[27-May-2016 17:54:50 UTC] PHP   1. {main}() /home/ubuntu/workspace/bk/install/index.php:0
[27-May-2016 17:55:37 UTC] PHP Warning:  require_once(passo/pagina-1.php): failed to open stream: No such file or directory in /home/ubuntu/workspace/bk/install/index.php on line 13
[27-May-2016 17:55:37 UTC] PHP Stack trace:
[27-May-2016 17:55:37 UTC] PHP   1. {main}() /home/ubuntu/workspace/bk/install/index.php:0
[27-May-2016 17:55:37 UTC] PHP Fatal error:  require_once(): Failed opening required 'passo/pagina-1.php' (include_path='.:/usr/share/php:/usr/share/pear') in /home/ubuntu/workspace/bk/install/index.php on line 13
[27-May-2016 17:55:37 UTC] PHP Stack trace:
[27-May-2016 17:55:37 UTC] PHP   1. {main}() /home/ubuntu/workspace/bk/install/index.php:0
[27-May-2016 18:00:06 UTC] PHP Warning:  require_once(passo/pagina-.php): failed to open stream: No such file or directory in /home/ubuntu/workspace/bk/install/index.php on line 13
[27-May-2016 18:00:06 UTC] PHP Stack trace:
[27-May-2016 18:00:06 UTC] PHP   1. {main}() /home/ubuntu/workspace/bk/install/index.php:0
[27-May-2016 18:00:06 UTC] PHP Fatal error:  require_once(): Failed opening required 'passo/pagina-.php' (include_path='.:/usr/share/php:/usr/share/pear') in /home/ubuntu/workspace/bk/install/index.php on line 13
[27-May-2016 18:00:06 UTC] PHP Stack trace:
[27-May-2016 18:00:06 UTC] PHP   1. {main}() /home/ubuntu/workspace/bk/install/index.php:0
[27-May-2016 18:01:28 UTC] PHP Warning:  require_once(passo/pagina-2.php): failed to open stream: No such file or directory in /home/ubuntu/workspace/bk/install/index.php on line 13
[27-May-2016 18:01:28 UTC] PHP Stack trace:
[27-May-2016 18:01:28 UTC] PHP   1. {main}() /home/ubuntu/workspace/bk/install/index.php:0
[27-May-2016 18:01:28 UTC] PHP Fatal error:  require_once(): Failed opening required 'passo/pagina-2.php' (include_path='.:/usr/share/php:/usr/share/pear') in /home/ubuntu/workspace/bk/install/index.php on line 13
[27-May-2016 18:01:28 UTC] PHP Stack trace:
[27-May-2016 18:01:28 UTC] PHP   1. {main}() /home/ubuntu/workspace/bk/install/index.php:0
[27-May-2016 18:09:20 UTC] PHP Warning:  require_once(passo/pagina-.php): failed to open stream: No such file or directory in /home/ubuntu/workspace/bk/install/index.php on line 13
[27-May-2016 18:09:20 UTC] PHP Stack trace:
[27-May-2016 18:09:20 UTC] PHP   1. {main}() /home/ubuntu/workspace/bk/install/index.php:0
[27-May-2016 18:09:20 UTC] PHP Fatal error:  require_once(): Failed opening required 'passo/pagina-.php' (include_path='.:/usr/share/php:/usr/share/pear') in /home/ubuntu/workspace/bk/install/index.php on line 13
[27-May-2016 18:09:20 UTC] PHP Stack trace:
[27-May-2016 18:09:20 UTC] PHP   1. {main}() /home/ubuntu/workspace/bk/install/index.php:0
[27-May-2016 18:09:40 UTC] PHP Warning:  require_once(passo/pagina-2.php): failed to open stream: No such file or directory in /home/ubuntu/workspace/bk/install/index.php on line 13
[27-May-2016 18:09:40 UTC] PHP Stack trace:
[27-May-2016 18:09:40 UTC] PHP   1. {main}() /home/ubuntu/workspace/bk/install/index.php:0
[27-May-2016 18:09:40 UTC] PHP Fatal error:  require_once(): Failed opening required 'passo/pagina-2.php' (include_path='.:/usr/share/php:/usr/share/pear') in /home/ubuntu/workspace/bk/install/index.php on line 13
[27-May-2016 18:09:40 UTC] PHP Stack trace:
[27-May-2016 18:09:40 UTC] PHP   1. {main}() /home/ubuntu/workspace/bk/install/index.php:0
[27-May-2016 18:17:43 UTC] PHP Parse error:  syntax error, unexpected '{' in /home/ubuntu/workspace/bk/install/passo/pagina-1.php on line 35
[27-May-2016 18:17:43 UTC] PHP Stack trace:
[27-May-2016 18:17:43 UTC] PHP   1. {main}() /home/ubuntu/workspace/bk/install/index.php:0
[27-May-2016 18:18:11 UTC] PHP Parse error:  syntax error, unexpected 'pt' (T_STRING) in /home/ubuntu/workspace/bk/install/passo/pagina-1.php on line 52
[27-May-2016 18:18:11 UTC] PHP Stack trace:
[27-May-2016 18:18:11 UTC] PHP   1. {main}() /home/ubuntu/workspace/bk/install/index.php:0
[27-May-2016 18:20:38 UTC] PHP Warning:  require_once(passo/pagina-2.php): failed to open stream: No such file or directory in /home/ubuntu/workspace/bk/install/index.php on line 13
[27-May-2016 18:20:38 UTC] PHP Stack trace:
[27-May-2016 18:20:38 UTC] PHP   1. {main}() /home/ubuntu/workspace/bk/install/index.php:0
[27-May-2016 18:20:38 UTC] PHP Fatal error:  require_once(): Failed opening required 'passo/pagina-2.php' (include_path='.:/usr/share/php:/usr/share/pear') in /home/ubuntu/workspace/bk/install/index.php on line 13
[27-May-2016 18:20:38 UTC] PHP Stack trace:
[27-May-2016 18:20:38 UTC] PHP   1. {main}() /home/ubuntu/workspace/bk/install/index.php:0
[27-May-2016 18:21:33 UTC] PHP Warning:  require_once(passo/pagina-.php): failed to open stream: No such file or directory in /home/ubuntu/workspace/bk/install/index.php on line 13
[27-May-2016 18:21:33 UTC] PHP Stack trace:
[27-May-2016 18:21:33 UTC] PHP   1. {main}() /home/ubuntu/workspace/bk/install/index.php:0
[27-May-2016 18:21:33 UTC] PHP Fatal error:  require_once(): Failed opening required 'passo/pagina-.php' (include_path='.:/usr/share/php:/usr/share/pear') in /home/ubuntu/workspace/bk/install/index.php on line 13
[27-May-2016 18:21:33 UTC] PHP Stack trace:
[27-May-2016 18:21:33 UTC] PHP   1. {main}() /home/ubuntu/workspace/bk/install/index.php:0
[27-May-2016 18:21:48 UTC] PHP Warning:  require_once(passo/pagina-2.php): failed to open stream: No such file or directory in /home/ubuntu/workspace/bk/install/index.php on line 13
[27-May-2016 18:21:48 UTC] PHP Stack trace:
[27-May-2016 18:21:48 UTC] PHP   1. {main}() /home/ubuntu/workspace/bk/install/index.php:0
[27-May-2016 18:21:48 UTC] PHP Fatal error:  require_once(): Failed opening required 'passo/pagina-2.php' (include_path='.:/usr/share/php:/usr/share/pear') in /home/ubuntu/workspace/bk/install/index.php on line 13
[27-May-2016 18:21:48 UTC] PHP Stack trace:
[27-May-2016 18:21:48 UTC] PHP   1. {main}() /home/ubuntu/workspace/bk/install/index.php:0
[27-May-2016 19:02:22 UTC] PHP Parse error:  syntax error, unexpected '}' in /home/ubuntu/workspace/bk/install/passo/pagina-2.php on line 26
[27-May-2016 19:02:22 UTC] PHP Stack trace:
[27-May-2016 19:02:22 UTC] PHP   1. {main}() /home/ubuntu/workspace/bk/install/index.php:0
[27-May-2016 19:08:47 UTC] PHP Warning:  include(../../sistema/config.inc.php): failed to open stream: No such file or directory in /home/ubuntu/workspace/bk/install/passo/pagina-2.php on line 15
[27-May-2016 19:08:47 UTC] PHP Stack trace:
[27-May-2016 19:08:47 UTC] PHP   1. {main}() /home/ubuntu/workspace/bk/install/index.php:0
[27-May-2016 19:08:47 UTC] PHP   2. require_once() /home/ubuntu/workspace/bk/install/index.php:13
[27-May-2016 19:08:47 UTC] PHP Warning:  include(): Failed opening '../../sistema/config.inc.php' for inclusion (include_path='.:/usr/share/php:/usr/share/pear') in /home/ubuntu/workspace/bk/install/passo/pagina-2.php on line 15
[27-May-2016 19:08:47 UTC] PHP Stack trace:
[27-May-2016 19:08:47 UTC] PHP   1. {main}() /home/ubuntu/workspace/bk/install/index.php:0
[27-May-2016 19:08:47 UTC] PHP   2. require_once() /home/ubuntu/workspace/bk/install/index.php:13
[27-May-2016 19:08:47 UTC] PHP Fatal error:  Call to undefined function DBConnect() in /home/ubuntu/workspace/bk/install/passo/pagina-2.php on line 17
[27-May-2016 19:08:47 UTC] PHP Stack trace:
[27-May-2016 19:08:47 UTC] PHP   1. {main}() /home/ubuntu/workspace/bk/install/index.php:0
[27-May-2016 19:08:47 UTC] PHP   2. require_once() /home/ubuntu/workspace/bk/install/index.php:13
[27-May-2016 19:09:11 UTC] PHP Warning:  require_once(passo/pagina-3.php): failed to open stream: No such file or directory in /home/ubuntu/workspace/bk/install/index.php on line 13
[27-May-2016 19:09:11 UTC] PHP Stack trace:
[27-May-2016 19:09:11 UTC] PHP   1. {main}() /home/ubuntu/workspace/bk/install/index.php:0
[27-May-2016 19:09:11 UTC] PHP Fatal error:  require_once(): Failed opening required 'passo/pagina-3.php' (include_path='.:/usr/share/php:/usr/share/pear') in /home/ubuntu/workspace/bk/install/index.php on line 13
[27-May-2016 19:09:11 UTC] PHP Stack trace:
[27-May-2016 19:09:11 UTC] PHP   1. {main}() /home/ubuntu/workspace/bk/install/index.php:0
[27-May-2016 19:10:03 UTC] PHP Warning:  require_once(passo/pagina-3.php): failed to open stream: No such file or directory in /home/ubuntu/workspace/bk/install/index.php on line 13
[27-May-2016 19:10:03 UTC] PHP Stack trace:
[27-May-2016 19:10:03 UTC] PHP   1. {main}() /home/ubuntu/workspace/bk/install/index.php:0
[27-May-2016 19:10:03 UTC] PHP Fatal error:  require_once(): Failed opening required 'passo/pagina-3.php' (include_path='.:/usr/share/php:/usr/share/pear') in /home/ubuntu/workspace/bk/install/index.php on line 13
[27-May-2016 19:10:03 UTC] PHP Stack trace:
[27-May-2016 19:10:03 UTC] PHP   1. {main}() /home/ubuntu/workspace/bk/install/index.php:0
[27-May-2016 19:10:10 UTC] PHP Warning:  require_once(passo/pagina-3.php): failed to open stream: No such file or directory in /home/ubuntu/workspace/bk/install/index.php on line 13
[27-May-2016 19:10:10 UTC] PHP Stack trace:
[27-May-2016 19:10:10 UTC] PHP   1. {main}() /home/ubuntu/workspace/bk/install/index.php:0
[27-May-2016 19:10:10 UTC] PHP Fatal error:  require_once(): Failed opening required 'passo/pagina-3.php' (include_path='.:/usr/share/php:/usr/share/pear') in /home/ubuntu/workspace/bk/install/index.php on line 13
[27-May-2016 19:10:10 UTC] PHP Stack trace:
[27-May-2016 19:10:10 UTC] PHP   1. {main}() /home/ubuntu/workspace/bk/install/index.php:0
[27-May-2016 19:11:11 UTC] PHP Warning:  require_once(passo/pagina-3.php): failed to open stream: No such file or directory in /home/ubuntu/workspace/bk/install/index.php on line 13
[27-May-2016 19:11:11 UTC] PHP Stack trace:
[27-May-2016 19:11:11 UTC] PHP   1. {main}() /home/ubuntu/workspace/bk/install/index.php:0
[27-May-2016 19:11:11 UTC] PHP Fatal error:  require_once(): Failed opening required 'passo/pagina-3.php' (include_path='.:/usr/share/php:/usr/share/pear') in /home/ubuntu/workspace/bk/install/index.php on line 13
[27-May-2016 19:11:11 UTC] PHP Stack trace:
[27-May-2016 19:11:11 UTC] PHP   1. {main}() /home/ubuntu/workspace/bk/install/index.php:0
[27-May-2016 19:11:29 UTC] PHP Warning:  require_once(passo/pagina-3.php): failed to open stream: No such file or directory in /home/ubuntu/workspace/bk/install/index.php on line 13
[27-May-2016 19:11:29 UTC] PHP Stack trace:
[27-May-2016 19:11:29 UTC] PHP   1. {main}() /home/ubuntu/workspace/bk/install/index.php:0
[27-May-2016 19:11:29 UTC] PHP Fatal error:  require_once(): Failed opening required 'passo/pagina-3.php' (include_path='.:/usr/share/php:/usr/share/pear') in /home/ubuntu/workspace/bk/install/index.php on line 13
[27-May-2016 19:11:29 UTC] PHP Stack trace:
[27-May-2016 19:11:29 UTC] PHP   1. {main}() /home/ubuntu/workspace/bk/install/index.php:0
[27-May-2016 19:11:45 UTC] PHP Warning:  require_once(passo/pagina-3.php): failed to open stream: No such file or directory in /home/ubuntu/workspace/bk/install/index.php on line 13
[27-May-2016 19:11:45 UTC] PHP Stack trace:
[27-May-2016 19:11:45 UTC] PHP   1. {main}() /home/ubuntu/workspace/bk/install/index.php:0
[27-May-2016 19:11:45 UTC] PHP Fatal error:  require_once(): Failed opening required 'passo/pagina-3.php' (include_path='.:/usr/share/php:/usr/share/pear') in /home/ubuntu/workspace/bk/install/index.php on line 13
[27-May-2016 19:11:45 UTC] PHP Stack trace:
[27-May-2016 19:11:45 UTC] PHP   1. {main}() /home/ubuntu/workspace/bk/install/index.php:0
[27-May-2016 19:14:16 UTC] PHP Warning:  require_once(passo/pagina-3.php): failed to open stream: No such file or directory in /home/ubuntu/workspace/bk/install/index.php on line 13
[27-May-2016 19:14:16 UTC] PHP Stack trace:
[27-May-2016 19:14:16 UTC] PHP   1. {main}() /home/ubuntu/workspace/bk/install/index.php:0
[27-May-2016 19:14:16 UTC] PHP Fatal error:  require_once(): Failed opening required 'passo/pagina-3.php' (include_path='.:/usr/share/php:/usr/share/pear') in /home/ubuntu/workspace/bk/install/index.php on line 13
[27-May-2016 19:14:16 UTC] PHP Stack trace:
[27-May-2016 19:14:16 UTC] PHP   1. {main}() /home/ubuntu/workspace/bk/install/index.php:0
[27-May-2016 19:14:32 UTC] PHP Warning:  require_once(passo/pagina-3.php): failed to open stream: No such file or directory in /home/ubuntu/workspace/bk/install/index.php on line 13
[27-May-2016 19:14:32 UTC] PHP Stack trace:
[27-May-2016 19:14:32 UTC] PHP   1. {main}() /home/ubuntu/workspace/bk/install/index.php:0
[27-May-2016 19:14:32 UTC] PHP Fatal error:  require_once(): Failed opening required 'passo/pagina-3.php' (include_path='.:/usr/share/php:/usr/share/pear') in /home/ubuntu/workspace/bk/install/index.php on line 13
[27-May-2016 19:14:32 UTC] PHP Stack trace:
[27-May-2016 19:14:32 UTC] PHP   1. {main}() /home/ubuntu/workspace/bk/install/index.php:0
[27-May-2016 19:18:01 UTC] PHP Warning:  require_once(passo/pagina-3.php): failed to open stream: No such file or directory in /home/ubuntu/workspace/bk/install/index.php on line 13
[27-May-2016 19:18:01 UTC] PHP Stack trace:
[27-May-2016 19:18:01 UTC] PHP   1. {main}() /home/ubuntu/workspace/bk/install/index.php:0
[27-May-2016 19:18:01 UTC] PHP Fatal error:  require_once(): Failed opening required 'passo/pagina-3.php' (include_path='.:/usr/share/php:/usr/share/pear') in /home/ubuntu/workspace/bk/install/index.php on line 13
[27-May-2016 19:18:01 UTC] PHP Stack trace:
[27-May-2016 19:18:01 UTC] PHP   1. {main}() /home/ubuntu/workspace/bk/install/index.php:0
[27-May-2016 19:18:03 UTC] PHP Warning:  require_once(passo/pagina-3.php): failed to open stream: No such file or directory in /home/ubuntu/workspace/bk/install/index.php on line 13
[27-May-2016 19:18:03 UTC] PHP Stack trace:
[27-May-2016 19:18:03 UTC] PHP   1. {main}() /home/ubuntu/workspace/bk/install/index.php:0
[27-May-2016 19:18:03 UTC] PHP Fatal error:  require_once(): Failed opening required 'passo/pagina-3.php' (include_path='.:/usr/share/php:/usr/share/pear') in /home/ubuntu/workspace/bk/install/index.php on line 13
[27-May-2016 19:18:03 UTC] PHP Stack trace:
[27-May-2016 19:18:03 UTC] PHP   1. {main}() /home/ubuntu/workspace/bk/install/index.php:0
[27-May-2016 19:18:17 UTC] PHP Warning:  require_once(passo/pagina-3.php): failed to open stream: No such file or directory in /home/ubuntu/workspace/bk/install/index.php on line 13
[27-May-2016 19:18:17 UTC] PHP Stack trace:
[27-May-2016 19:18:17 UTC] PHP   1. {main}() /home/ubuntu/workspace/bk/install/index.php:0
[27-May-2016 19:18:17 UTC] PHP Fatal error:  require_once(): Failed opening required 'passo/pagina-3.php' (include_path='.:/usr/share/php:/usr/share/pear') in /home/ubuntu/workspace/bk/install/index.php on line 13
[27-May-2016 19:18:17 UTC] PHP Stack trace:
[27-May-2016 19:18:17 UTC] PHP   1. {main}() /home/ubuntu/workspace/bk/install/index.php:0
[27-May-2016 19:18:39 UTC] PHP Warning:  require_once(passo/pagina-3.php): failed to open stream: No such file or directory in /home/ubuntu/workspace/bk/install/index.php on line 13
[27-May-2016 19:18:39 UTC] PHP Stack trace:
[27-May-2016 19:18:39 UTC] PHP   1. {main}() /home/ubuntu/workspace/bk/install/index.php:0
[27-May-2016 19:18:39 UTC] PHP Fatal error:  require_once(): Failed opening required 'passo/pagina-3.php' (include_path='.:/usr/share/php:/usr/share/pear') in /home/ubuntu/workspace/bk/install/index.php on line 13
[27-May-2016 19:18:39 UTC] PHP Stack trace:
[27-May-2016 19:18:39 UTC] PHP   1. {main}() /home/ubuntu/workspace/bk/install/index.php:0
[27-May-2016 19:18:47 UTC] PHP Warning:  require_once(passo/pagina-3.php): failed to open stream: No such file or directory in /home/ubuntu/workspace/bk/install/index.php on line 13
[27-May-2016 19:18:47 UTC] PHP Stack trace:
[27-May-2016 19:18:47 UTC] PHP   1. {main}() /home/ubuntu/workspace/bk/install/index.php:0
[27-May-2016 19:18:47 UTC] PHP Fatal error:  require_once(): Failed opening required 'passo/pagina-3.php' (include_path='.:/usr/share/php:/usr/share/pear') in /home/ubuntu/workspace/bk/install/index.php on line 13
[27-May-2016 19:18:47 UTC] PHP Stack trace:
[27-May-2016 19:18:47 UTC] PHP   1. {main}() /home/ubuntu/workspace/bk/install/index.php:0
[27-May-2016 19:18:54 UTC] PHP Warning:  require_once(passo/pagina-3.php): failed to open stream: No such file or directory in /home/ubuntu/workspace/bk/install/index.php on line 13
[27-May-2016 19:18:54 UTC] PHP Stack trace:
[27-May-2016 19:18:54 UTC] PHP   1. {main}() /home/ubuntu/workspace/bk/install/index.php:0
[27-May-2016 19:18:54 UTC] PHP Fatal error:  require_once(): Failed opening required 'passo/pagina-3.php' (include_path='.:/usr/share/php:/usr/share/pear') in /home/ubuntu/workspace/bk/install/index.php on line 13
[27-May-2016 19:18:54 UTC] PHP Stack trace:
[27-May-2016 19:18:54 UTC] PHP   1. {main}() /home/ubuntu/workspace/bk/install/index.php:0
[27-May-2016 19:20:15 UTC] PHP Warning:  require(): https:// wrapper is disabled in the server configuration by allow_url_include=0 in /home/ubuntu/workspace/bk/install/passo/pagina-2.php on line 2
[27-May-2016 19:20:15 UTC] PHP Stack trace:
[27-May-2016 19:20:15 UTC] PHP   1. {main}() /home/ubuntu/workspace/bk/install/index.php:0
[27-May-2016 19:20:15 UTC] PHP   2. require_once() /home/ubuntu/workspace/bk/install/index.php:13
[27-May-2016 19:20:15 UTC] PHP Warning:  require(https://painel-relatorios-arrezende1.c9users.io/bk/sistema/config.inc.php): failed to open stream: no suitable wrapper could be found in /home/ubuntu/workspace/bk/install/passo/pagina-2.php on line 2
[27-May-2016 19:20:15 UTC] PHP Stack trace:
[27-May-2016 19:20:15 UTC] PHP   1. {main}() /home/ubuntu/workspace/bk/install/index.php:0
[27-May-2016 19:20:15 UTC] PHP   2. require_once() /home/ubuntu/workspace/bk/install/index.php:13
[27-May-2016 19:20:15 UTC] PHP Fatal error:  require(): Failed opening required 'https://painel-relatorios-arrezende1.c9users.io/bk/sistema/config.inc.php' (include_path='.:/usr/share/php:/usr/share/pear') in /home/ubuntu/workspace/bk/install/passo/pagina-2.php on line 2
[27-May-2016 19:20:15 UTC] PHP Stack trace:
[27-May-2016 19:20:15 UTC] PHP   1. {main}() /home/ubuntu/workspace/bk/install/index.php:0
[27-May-2016 19:20:15 UTC] PHP   2. require_once() /home/ubuntu/workspace/bk/install/index.php:13
[27-May-2016 19:21:18 UTC] PHP Warning:  require(../../sistema/config.inc.php): failed to open stream: No such file or directory in /home/ubuntu/workspace/bk/install/passo/pagina-2.php on line 2
[27-May-2016 19:21:18 UTC] PHP Stack trace:
[27-May-2016 19:21:18 UTC] PHP   1. {main}() /home/ubuntu/workspace/bk/install/index.php:0
[27-May-2016 19:21:18 UTC] PHP   2. require_once() /home/ubuntu/workspace/bk/install/index.php:13
[27-May-2016 19:21:18 UTC] PHP Fatal error:  require(): Failed opening required '../../sistema/config.inc.php' (include_path='.:/usr/share/php:/usr/share/pear') in /home/ubuntu/workspace/bk/install/passo/pagina-2.php on line 2
[27-May-2016 19:21:18 UTC] PHP Stack trace:
[27-May-2016 19:21:18 UTC] PHP   1. {main}() /home/ubuntu/workspace/bk/install/index.php:0
[27-May-2016 19:21:18 UTC] PHP   2. require_once() /home/ubuntu/workspace/bk/install/index.php:13
[27-May-2016 19:23:32 UTC] PHP Warning:  require_once(passo/pagina-3.php): failed to open stream: No such file or directory in /home/ubuntu/workspace/bk/install/index.php on line 13
[27-May-2016 19:23:32 UTC] PHP Stack trace:
[27-May-2016 19:23:32 UTC] PHP   1. {main}() /home/ubuntu/workspace/bk/install/index.php:0
[27-May-2016 19:23:32 UTC] PHP Fatal error:  require_once(): Failed opening required 'passo/pagina-3.php' (include_path='.:/usr/share/php:/usr/share/pear') in /home/ubuntu/workspace/bk/install/index.php on line 13
[27-May-2016 19:23:32 UTC] PHP Stack trace:
[27-May-2016 19:23:32 UTC] PHP   1. {main}() /home/ubuntu/workspace/bk/install/index.php:0
[27-May-2016 19:25:04 UTC] PHP Parse error:  syntax error, unexpected 's' (T_STRING) in /home/ubuntu/workspace/bk/install/passo/pagina-2.php on line 23
[27-May-2016 19:25:04 UTC] PHP Stack trace:
[27-May-2016 19:25:04 UTC] PHP   1. {main}() /home/ubuntu/workspace/bk/install/index.php:0
[27-May-2016 19:25:42 UTC] PHP Warning:  require_once(passo/pagina-3.php): failed to open stream: No such file or directory in /home/ubuntu/workspace/bk/install/index.php on line 13
[27-May-2016 19:25:42 UTC] PHP Stack trace:
[27-May-2016 19:25:42 UTC] PHP   1. {main}() /home/ubuntu/workspace/bk/install/index.php:0
[27-May-2016 19:25:42 UTC] PHP Fatal error:  require_once(): Failed opening required 'passo/pagina-3.php' (include_path='.:/usr/share/php:/usr/share/pear') in /home/ubuntu/workspace/bk/install/index.php on line 13
[27-May-2016 19:25:42 UTC] PHP Stack trace:
[27-May-2016 19:25:42 UTC] PHP   1. {main}() /home/ubuntu/workspace/bk/install/index.php:0
[27-May-2016 19:27:25 UTC] PHP Warning:  require_once(passo/pagina-0.php): failed to open stream: No such file or directory in /home/ubuntu/workspace/bk/install/index.php on line 13
[27-May-2016 19:27:25 UTC] PHP Stack trace:
[27-May-2016 19:27:25 UTC] PHP   1. {main}() /home/ubuntu/workspace/bk/install/index.php:0
[27-May-2016 19:27:25 UTC] PHP Fatal error:  require_once(): Failed opening required 'passo/pagina-0.php' (include_path='.:/usr/share/php:/usr/share/pear') in /home/ubuntu/workspace/bk/install/index.php on line 13
[27-May-2016 19:27:25 UTC] PHP Stack trace:
[27-May-2016 19:27:25 UTC] PHP   1. {main}() /home/ubuntu/workspace/bk/install/index.php:0
[27-May-2016 20:08:19 UTC] PHP Warning:  mysql_num_rows() expects parameter 1 to be resource, object given in /home/ubuntu/workspace/bk/install/passo/pagina-2.php on line 9
[27-May-2016 20:08:19 UTC] PHP Stack trace:
[27-May-2016 20:08:19 UTC] PHP   1. {main}() /home/ubuntu/workspace/bk/install/index.php:0
[27-May-2016 20:08:19 UTC] PHP   2. require_once() /home/ubuntu/workspace/bk/install/index.php:13
[27-May-2016 20:08:19 UTC] PHP   3. mysql_num_rows() /home/ubuntu/workspace/bk/install/passo/pagina-2.php:9
[27-May-2016 20:11:13 UTC] PHP Catchable fatal error:  Object of class mysqli could not be converted to string in /home/ubuntu/workspace/bk/install/passo/pagina-2.php on line 8
[27-May-2016 20:11:13 UTC] PHP Stack trace:
[27-May-2016 20:11:13 UTC] PHP   1. {main}() /home/ubuntu/workspace/bk/install/index.php:0
[27-May-2016 20:11:13 UTC] PHP   2. require_once() /home/ubuntu/workspace/bk/install/index.php:13
[27-May-2016 20:11:49 UTC] PHP Warning:  mysqli::mysqli(): (HY000/1049): Unknown database 'tecste' in /home/ubuntu/workspace/bk/sistema/config.inc.php on line 12
[27-May-2016 20:11:49 UTC] PHP Stack trace:
[27-May-2016 20:11:49 UTC] PHP   1. {main}() /home/ubuntu/workspace/bk/install/index.php:0
[27-May-2016 20:11:49 UTC] PHP   2. require_once() /home/ubuntu/workspace/bk/install/index.php:13
[27-May-2016 20:11:49 UTC] PHP   3. DBConnect() /home/ubuntu/workspace/bk/install/passo/pagina-2.php:8
[27-May-2016 20:11:49 UTC] PHP   4. mysqli->mysqli() /home/ubuntu/workspace/bk/sistema/config.inc.php:12
[27-May-2016 20:17:05 UTC] PHP Warning:  mysqli_affected_rows() expects parameter 1 to be mysqli, object given in /home/ubuntu/workspace/bk/install/passo/pagina-2.php on line 9
[27-May-2016 20:17:05 UTC] PHP Stack trace:
[27-May-2016 20:17:05 UTC] PHP   1. {main}() /home/ubuntu/workspace/bk/install/index.php:0
[27-May-2016 20:17:05 UTC] PHP   2. require_once() /home/ubuntu/workspace/bk/install/index.php:13
[27-May-2016 20:17:05 UTC] PHP   3. mysqli_affected_rows() /home/ubuntu/workspace/bk/install/passo/pagina-2.php:9
[27-May-2016 20:34:38 UTC] PHP Warning:  require_once(passo/pagina-3.php): failed to open stream: No such file or directory in /home/ubuntu/workspace/bk/install/index.php on line 13
[27-May-2016 20:34:38 UTC] PHP Stack trace:
[27-May-2016 20:34:38 UTC] PHP   1. {main}() /home/ubuntu/workspace/bk/install/index.php:0
[27-May-2016 20:34:38 UTC] PHP Fatal error:  require_once(): Failed opening required 'passo/pagina-3.php' (include_path='.:/usr/share/php:/usr/share/pear') in /home/ubuntu/workspace/bk/install/index.php on line 13
[27-May-2016 20:34:38 UTC] PHP Stack trace:
[27-May-2016 20:34:38 UTC] PHP   1. {main}() /home/ubuntu/workspace/bk/install/index.php:0
[27-May-2016 20:49:17 UTC] PHP Parse error:  syntax error, unexpected end of file in /home/ubuntu/workspace/bk/install/passo/pagina-3.php on line 75
[27-May-2016 20:49:17 UTC] PHP Stack trace:
[27-May-2016 20:49:17 UTC] PHP   1. {main}() /home/ubuntu/workspace/bk/install/index.php:0
[27-May-2016 20:50:13 UTC] PHP Parse error:  syntax error, unexpected end of file in /home/ubuntu/workspace/bk/install/passo/pagina-3.php on line 75
[27-May-2016 20:50:13 UTC] PHP Stack trace:
[27-May-2016 20:50:13 UTC] PHP   1. {main}() /home/ubuntu/workspace/bk/install/index.php:0
[27-May-2016 20:51:12 UTC] PHP Parse error:  syntax error, unexpected end of file in /home/ubuntu/workspace/bk/install/passo/pagina-3.php on line 74
[27-May-2016 20:51:12 UTC] PHP Stack trace:
[27-May-2016 20:51:12 UTC] PHP   1. {main}() /home/ubuntu/workspace/bk/install/index.php:0
[27-May-2016 20:52:04 UTC] PHP Parse error:  syntax error, unexpected end of file in /home/ubuntu/workspace/bk/install/passo/pagina-3.php on line 74
[27-May-2016 20:52:04 UTC] PHP Stack trace:
[27-May-2016 20:52:04 UTC] PHP   1. {main}() /home/ubuntu/workspace/bk/install/index.php:0
[27-May-2016 20:52:28 UTC] PHP Parse error:  syntax error, unexpected end of file in /home/ubuntu/workspace/bk/install/passo/pagina-3.php on line 74
[27-May-2016 20:52:28 UTC] PHP Stack trace:
[27-May-2016 20:52:28 UTC] PHP   1. {main}() /home/ubuntu/workspace/bk/install/index.php:0
[27-May-2016 20:52:59 UTC] PHP Warning:  require_once(recebe_upload.php): failed to open stream: No such file or directory in /home/ubuntu/workspace/bk/install/passo/pagina-3.php on line 9
[27-May-2016 20:52:59 UTC] PHP Stack trace:
[27-May-2016 20:52:59 UTC] PHP   1. {main}() /home/ubuntu/workspace/bk/install/index.php:0
[27-May-2016 20:52:59 UTC] PHP   2. require_once() /home/ubuntu/workspace/bk/install/index.php:13
[27-May-2016 20:52:59 UTC] PHP Fatal error:  require_once(): Failed opening required 'recebe_upload.php' (include_path='.:/usr/share/php:/usr/share/pear') in /home/ubuntu/workspace/bk/install/passo/pagina-3.php on line 9
[27-May-2016 20:52:59 UTC] PHP Stack trace:
[27-May-2016 20:52:59 UTC] PHP   1. {main}() /home/ubuntu/workspace/bk/install/index.php:0
[27-May-2016 20:52:59 UTC] PHP   2. require_once() /home/ubuntu/workspace/bk/install/index.php:13
[27-May-2016 20:53:09 UTC] PHP Fatal error:  Call to undefined function DBUpDate() in /home/ubuntu/workspace/bk/install/passo/pagina-3.php on line 16
[27-May-2016 20:53:09 UTC] PHP Stack trace:
[27-May-2016 20:53:09 UTC] PHP   1. {main}() /home/ubuntu/workspace/bk/install/index.php:0
[27-May-2016 20:53:09 UTC] PHP   2. require_once() /home/ubuntu/workspace/bk/install/index.php:13
[27-May-2016 20:53:47 UTC] PHP Fatal error:  Call to undefined function DBUpDate() in /home/ubuntu/workspace/bk/install/passo/pagina-3.php on line 16
[27-May-2016 20:53:47 UTC] PHP Stack trace:
[27-May-2016 20:53:47 UTC] PHP   1. {main}() /home/ubuntu/workspace/bk/install/index.php:0
[27-May-2016 20:53:47 UTC] PHP   2. require_once() /home/ubuntu/workspace/bk/install/index.php:13
[27-May-2016 20:55:47 UTC] PHP Warning:  require_once(passo/pagina-.php): failed to open stream: No such file or directory in /home/ubuntu/workspace/bk/install/index.php on line 13
[27-May-2016 20:55:47 UTC] PHP Stack trace:
[27-May-2016 20:55:47 UTC] PHP   1. {main}() /home/ubuntu/workspace/bk/install/index.php:0
[27-May-2016 20:55:47 UTC] PHP Fatal error:  require_once(): Failed opening required 'passo/pagina-.php' (include_path='.:/usr/share/php:/usr/share/pear') in /home/ubuntu/workspace/bk/install/index.php on line 13
[27-May-2016 20:55:47 UTC] PHP Stack trace:
[27-May-2016 20:55:47 UTC] PHP   1. {main}() /home/ubuntu/workspace/bk/install/index.php:0
[27-May-2016 20:58:52 UTC] PHP Fatal error:  Call to undefined function DBUpDate() in /home/ubuntu/workspace/bk/install/passo/pagina-3.php on line 15
[27-May-2016 20:58:52 UTC] PHP Stack trace:
[27-May-2016 20:58:52 UTC] PHP   1. {main}() /home/ubuntu/workspace/bk/install/index.php:0
[27-May-2016 20:58:52 UTC] PHP   2. require_once() /home/ubuntu/workspace/bk/install/index.php:13
[30-May-2016 10:27:27 UTC] PHP Warning:  require_once(passo/pagina-.php): failed to open stream: No such file or directory in /home/ubuntu/workspace/bk/install/index.php on line 13
[30-May-2016 10:27:27 UTC] PHP Stack trace:
[30-May-2016 10:27:27 UTC] PHP   1. {main}() /home/ubuntu/workspace/bk/install/index.php:0
[30-May-2016 10:27:27 UTC] PHP Fatal error:  require_once(): Failed opening required 'passo/pagina-.php' (include_path='.:/usr/share/php:/usr/share/pear') in /home/ubuntu/workspace/bk/install/index.php on line 13
[30-May-2016 10:27:27 UTC] PHP Stack trace:
[30-May-2016 10:27:27 UTC] PHP   1. {main}() /home/ubuntu/workspace/bk/install/index.php:0
[30-May-2016 10:27:30 UTC] PHP Fatal error:  Cannot redeclare DBConnect() (previously declared in /home/ubuntu/workspace/bk/sistema/funcoes.php:5) in /home/ubuntu/workspace/bk/sistema/funcoes.php on line 5
[30-May-2016 10:27:30 UTC] PHP Stack trace:
[30-May-2016 10:27:30 UTC] PHP   1. {main}() /home/ubuntu/workspace/bk/install/index.php:0
[30-May-2016 10:27:30 UTC] PHP   2. require_once() /home/ubuntu/workspace/bk/install/index.php:13
[30-May-2016 10:27:36 UTC] PHP Fatal error:  Cannot redeclare DBConnect() (previously declared in /home/ubuntu/workspace/bk/sistema/funcoes.php:5) in /home/ubuntu/workspace/bk/sistema/funcoes.php on line 5
[30-May-2016 10:27:36 UTC] PHP Stack trace:
[30-May-2016 10:27:36 UTC] PHP   1. {main}() /home/ubuntu/workspace/bk/install/index.php:0
[30-May-2016 10:27:36 UTC] PHP   2. require_once() /home/ubuntu/workspace/bk/install/index.php:13
[30-May-2016 10:37:51 UTC] PHP Warning:  require_once(passo/pagina-.php): failed to open stream: No such file or directory in /home/ubuntu/workspace/bk/install/index.php on line 13
[30-May-2016 10:37:51 UTC] PHP Stack trace:
[30-May-2016 10:37:51 UTC] PHP   1. {main}() /home/ubuntu/workspace/bk/install/index.php:0
[30-May-2016 10:37:51 UTC] PHP Fatal error:  require_once(): Failed opening required 'passo/pagina-.php' (include_path='.:/usr/share/php:/usr/share/pear') in /home/ubuntu/workspace/bk/install/index.php on line 13
[30-May-2016 10:37:51 UTC] PHP Stack trace:
[30-May-2016 10:37:51 UTC] PHP   1. {main}() /home/ubuntu/workspace/bk/install/index.php:0
[30-May-2016 10:59:29 UTC] PHP Warning:  require_once(passo/pagina-.php): failed to open stream: No such file or directory in /home/ubuntu/workspace/bk/install/index.php on line 13
[30-May-2016 10:59:29 UTC] PHP Stack trace:
[30-May-2016 10:59:29 UTC] PHP   1. {main}() /home/ubuntu/workspace/bk/install/index.php:0
[30-May-2016 10:59:29 UTC] PHP Fatal error:  require_once(): Failed opening required 'passo/pagina-.php' (include_path='.:/usr/share/php:/usr/share/pear') in /home/ubuntu/workspace/bk/install/index.php on line 13
[30-May-2016 10:59:29 UTC] PHP Stack trace:
[30-May-2016 10:59:29 UTC] PHP   1. {main}() /home/ubuntu/workspace/bk/install/index.php:0
[30-May-2016 10:59:29 UTC] PHP Warning:  require(../sistema/config.inc.php): failed to open stream: No such file or directory in /home/ubuntu/workspace/bk/install/passo/header.php on line 2
[30-May-2016 10:59:29 UTC] PHP Stack trace:
[30-May-2016 10:59:29 UTC] PHP   1. {main}() /home/ubuntu/workspace/bk/install/index.php:0
[30-May-2016 10:59:29 UTC] PHP   2. require_once() /home/ubuntu/workspace/bk/install/index.php:13
[30-May-2016 10:59:29 UTC] PHP   3. require() /home/ubuntu/workspace/bk/install/passo/pagina-1.php:51
[30-May-2016 10:59:29 UTC] PHP Fatal error:  require(): Failed opening required '../sistema/config.inc.php' (include_path='.:/usr/share/php:/usr/share/pear') in /home/ubuntu/workspace/bk/install/passo/header.php on line 2
[30-May-2016 10:59:29 UTC] PHP Stack trace:
[30-May-2016 10:59:29 UTC] PHP   1. {main}() /home/ubuntu/workspace/bk/install/index.php:0
[30-May-2016 10:59:29 UTC] PHP   2. require_once() /home/ubuntu/workspace/bk/install/index.php:13
[30-May-2016 10:59:29 UTC] PHP   3. require() /home/ubuntu/workspace/bk/install/passo/pagina-1.php:51
[30-May-2016 10:59:47 UTC] PHP Warning:  mysqli_connect(): php_network_getaddresses: getaddrinfo failed: No address associated with hostname in /home/ubuntu/workspace/bk/sistema/funcoes.php on line 2
[30-May-2016 10:59:47 UTC] PHP Stack trace:
[30-May-2016 10:59:47 UTC] PHP   1. {main}() /home/ubuntu/workspace/bk/install/index.php:0
[30-May-2016 10:59:47 UTC] PHP   2. require_once() /home/ubuntu/workspace/bk/install/index.php:13
[30-May-2016 10:59:47 UTC] PHP   3. require() /home/ubuntu/workspace/bk/install/passo/pagina-1.php:51
[30-May-2016 10:59:47 UTC] PHP   4. require() /home/ubuntu/workspace/bk/install/passo/header.php:2
[30-May-2016 10:59:47 UTC] PHP   5. mysqli_connect() /home/ubuntu/workspace/bk/sistema/funcoes.php:2
[30-May-2016 10:59:47 UTC] PHP Warning:  mysqli_connect(): (HY000/2002): php_network_getaddresses: getaddrinfo failed: No address associated with hostname in /home/ubuntu/workspace/bk/sistema/funcoes.php on line 2
[30-May-2016 10:59:47 UTC] PHP Stack trace:
[30-May-2016 10:59:47 UTC] PHP   1. {main}() /home/ubuntu/workspace/bk/install/index.php:0
[30-May-2016 10:59:47 UTC] PHP   2. require_once() /home/ubuntu/workspace/bk/install/index.php:13
[30-May-2016 10:59:47 UTC] PHP   3. require() /home/ubuntu/workspace/bk/install/passo/pagina-1.php:51
[30-May-2016 10:59:47 UTC] PHP   4. require() /home/ubuntu/workspace/bk/install/passo/header.php:2
[30-May-2016 10:59:47 UTC] PHP   5. mysqli_connect() /home/ubuntu/workspace/bk/sistema/funcoes.php:2
[30-May-2016 10:59:47 UTC] PHP Warning:  mysqli_select_db() expects parameter 1 to be mysqli, boolean given in /home/ubuntu/workspace/bk/sistema/funcoes.php on line 3
[30-May-2016 10:59:47 UTC] PHP Stack trace:
[30-May-2016 10:59:47 UTC] PHP   1. {main}() /home/ubuntu/workspace/bk/install/index.php:0
[30-May-2016 10:59:47 UTC] PHP   2. require_once() /home/ubuntu/workspace/bk/install/index.php:13
[30-May-2016 10:59:47 UTC] PHP   3. require() /home/ubuntu/workspace/bk/install/passo/pagina-1.php:51
[30-May-2016 10:59:47 UTC] PHP   4. require() /home/ubuntu/workspace/bk/install/passo/header.php:2
[30-May-2016 10:59:47 UTC] PHP   5. mysqli_select_db() /home/ubuntu/workspace/bk/sistema/funcoes.php:3
[30-May-2016 11:01:48 UTC] PHP Warning:  mysqli_query() expects parameter 1 to be mysqli, null given in /home/ubuntu/workspace/bk/install/passo/pagina-2.php on line 9
[30-May-2016 11:01:48 UTC] PHP Stack trace:
[30-May-2016 11:01:48 UTC] PHP   1. {main}() /home/ubuntu/workspace/bk/install/index.php:0
[30-May-2016 11:01:48 UTC] PHP   2. require_once() /home/ubuntu/workspace/bk/install/index.php:13
[30-May-2016 11:01:48 UTC] PHP   3. mysqli_query() /home/ubuntu/workspace/bk/install/passo/pagina-2.php:9
[30-May-2016 11:01:48 UTC] PHP Warning:  mysqli_affected_rows() expects parameter 1 to be mysqli, null given in /home/ubuntu/workspace/bk/install/passo/pagina-2.php on line 10
[30-May-2016 11:01:48 UTC] PHP Stack trace:
[30-May-2016 11:01:48 UTC] PHP   1. {main}() /home/ubuntu/workspace/bk/install/index.php:0
[30-May-2016 11:01:48 UTC] PHP   2. require_once() /home/ubuntu/workspace/bk/install/index.php:13
[30-May-2016 11:01:48 UTC] PHP   3. mysqli_affected_rows() /home/ubuntu/workspace/bk/install/passo/pagina-2.php:10
[30-May-2016 11:02:39 UTC] PHP Warning:  mysqli_query() expects parameter 1 to be mysqli, null given in /home/ubuntu/workspace/bk/install/passo/pagina-2.php on line 9
[30-May-2016 11:02:39 UTC] PHP Stack trace:
[30-May-2016 11:02:39 UTC] PHP   1. {main}() /home/ubuntu/workspace/bk/install/index.php:0
[30-May-2016 11:02:39 UTC] PHP   2. require_once() /home/ubuntu/workspace/bk/install/index.php:13
[30-May-2016 11:02:39 UTC] PHP   3. mysqli_query() /home/ubuntu/workspace/bk/install/passo/pagina-2.php:9
[30-May-2016 11:02:39 UTC] PHP Warning:  mysqli_affected_rows() expects parameter 1 to be mysqli, null given in /home/ubuntu/workspace/bk/install/passo/pagina-2.php on line 10
[30-May-2016 11:02:39 UTC] PHP Stack trace:
[30-May-2016 11:02:39 UTC] PHP   1. {main}() /home/ubuntu/workspace/bk/install/index.php:0
[30-May-2016 11:02:39 UTC] PHP   2. require_once() /home/ubuntu/workspace/bk/install/index.php:13
[30-May-2016 11:02:39 UTC] PHP   3. mysqli_affected_rows() /home/ubuntu/workspace/bk/install/passo/pagina-2.php:10
[30-May-2016 11:03:11 UTC] PHP Warning:  mysqli::mysqli(): php_network_getaddresses: getaddrinfo failed: No address associated with hostname in /home/ubuntu/workspace/bk/sistema/funcoes.php on line 6
[30-May-2016 11:03:11 UTC] PHP Stack trace:
[30-May-2016 11:03:11 UTC] PHP   1. {main}() /home/ubuntu/workspace/bk/install/index.php:0
[30-May-2016 11:03:11 UTC] PHP   2. require_once() /home/ubuntu/workspace/bk/install/index.php:13
[30-May-2016 11:03:11 UTC] PHP   3. DBConnect() /home/ubuntu/workspace/bk/install/passo/pagina-2.php:9
[30-May-2016 11:03:11 UTC] PHP   4. mysqli->mysqli() /home/ubuntu/workspace/bk/sistema/funcoes.php:6
[30-May-2016 11:03:11 UTC] PHP Warning:  mysqli::mysqli(): (HY000/2002): php_network_getaddresses: getaddrinfo failed: No address associated with hostname in /home/ubuntu/workspace/bk/sistema/funcoes.php on line 6
[30-May-2016 11:03:11 UTC] PHP Stack trace:
[30-May-2016 11:03:11 UTC] PHP   1. {main}() /home/ubuntu/workspace/bk/install/index.php:0
[30-May-2016 11:03:11 UTC] PHP   2. require_once() /home/ubuntu/workspace/bk/install/index.php:13
[30-May-2016 11:03:11 UTC] PHP   3. DBConnect() /home/ubuntu/workspace/bk/install/passo/pagina-2.php:9
[30-May-2016 11:03:11 UTC] PHP   4. mysqli->mysqli() /home/ubuntu/workspace/bk/sistema/funcoes.php:6
[30-May-2016 11:03:47 UTC] PHP Warning:  mysqli_connect(): php_network_getaddresses: getaddrinfo failed: No address associated with hostname in /home/ubuntu/workspace/bk/install/passo/pagina-2.php on line 9
[30-May-2016 11:03:47 UTC] PHP Stack trace:
[30-May-2016 11:03:47 UTC] PHP   1. {main}() /home/ubuntu/workspace/bk/install/index.php:0
[30-May-2016 11:03:47 UTC] PHP   2. require_once() /home/ubuntu/workspace/bk/install/index.php:13
[30-May-2016 11:03:47 UTC] PHP   3. mysqli_connect() /home/ubuntu/workspace/bk/install/passo/pagina-2.php:9
[30-May-2016 11:03:47 UTC] PHP Warning:  mysqli_connect(): (HY000/2002): php_network_getaddresses: getaddrinfo failed: No address associated with hostname in /home/ubuntu/workspace/bk/install/passo/pagina-2.php on line 9
[30-May-2016 11:03:47 UTC] PHP Stack trace:
[30-May-2016 11:03:47 UTC] PHP   1. {main}() /home/ubuntu/workspace/bk/install/index.php:0
[30-May-2016 11:03:47 UTC] PHP   2. require_once() /home/ubuntu/workspace/bk/install/index.php:13
[30-May-2016 11:03:47 UTC] PHP   3. mysqli_connect() /home/ubuntu/workspace/bk/install/passo/pagina-2.php:9
[30-May-2016 11:03:47 UTC] PHP Warning:  mysqli_query() expects parameter 1 to be mysqli, boolean given in /home/ubuntu/workspace/bk/install/passo/pagina-2.php on line 10
[30-May-2016 11:03:47 UTC] PHP Stack trace:
[30-May-2016 11:03:47 UTC] PHP   1. {main}() /home/ubuntu/workspace/bk/install/index.php:0
[30-May-2016 11:03:47 UTC] PHP   2. require_once() /home/ubuntu/workspace/bk/install/index.php:13
[30-May-2016 11:03:47 UTC] PHP   3. mysqli_query() /home/ubuntu/workspace/bk/install/passo/pagina-2.php:10
[30-May-2016 11:03:47 UTC] PHP Warning:  mysqli_affected_rows() expects parameter 1 to be mysqli, boolean given in /home/ubuntu/workspace/bk/install/passo/pagina-2.php on line 11
[30-May-2016 11:03:47 UTC] PHP Stack trace:
[30-May-2016 11:03:47 UTC] PHP   1. {main}() /home/ubuntu/workspace/bk/install/index.php:0
[30-May-2016 11:03:47 UTC] PHP   2. require_once() /home/ubuntu/workspace/bk/install/index.php:13
[30-May-2016 11:03:47 UTC] PHP   3. mysqli_affected_rows() /home/ubuntu/workspace/bk/install/passo/pagina-2.php:11
[30-May-2016 11:05:59 UTC] PHP Warning:  mysqli_connect(): php_network_getaddresses: getaddrinfo failed: No address associated with hostname in /home/ubuntu/workspace/bk/install/passo/pagina-2.php on line 9
[30-May-2016 11:05:59 UTC] PHP Stack trace:
[30-May-2016 11:05:59 UTC] PHP   1. {main}() /home/ubuntu/workspace/bk/install/index.php:0
[30-May-2016 11:05:59 UTC] PHP   2. require_once() /home/ubuntu/workspace/bk/install/index.php:13
[30-May-2016 11:05:59 UTC] PHP   3. mysqli_connect() /home/ubuntu/workspace/bk/install/passo/pagina-2.php:9
[30-May-2016 11:05:59 UTC] PHP Warning:  mysqli_connect(): (HY000/2002): php_network_getaddresses: getaddrinfo failed: No address associated with hostname in /home/ubuntu/workspace/bk/install/passo/pagina-2.php on line 9
[30-May-2016 11:05:59 UTC] PHP Stack trace:
[30-May-2016 11:05:59 UTC] PHP   1. {main}() /home/ubuntu/workspace/bk/install/index.php:0
[30-May-2016 11:05:59 UTC] PHP   2. require_once() /home/ubuntu/workspace/bk/install/index.php:13
[30-May-2016 11:05:59 UTC] PHP   3. mysqli_connect() /home/ubuntu/workspace/bk/install/passo/pagina-2.php:9
[30-May-2016 11:05:59 UTC] PHP Warning:  mysqli_query() expects parameter 1 to be mysqli, boolean given in /home/ubuntu/workspace/bk/install/passo/pagina-2.php on line 10
[30-May-2016 11:05:59 UTC] PHP Stack trace:
[30-May-2016 11:05:59 UTC] PHP   1. {main}() /home/ubuntu/workspace/bk/install/index.php:0
[30-May-2016 11:05:59 UTC] PHP   2. require_once() /home/ubuntu/workspace/bk/install/index.php:13
[30-May-2016 11:05:59 UTC] PHP   3. mysqli_query() /home/ubuntu/workspace/bk/install/passo/pagina-2.php:10
[30-May-2016 11:05:59 UTC] PHP Warning:  mysqli_affected_rows() expects parameter 1 to be mysqli, boolean given in /home/ubuntu/workspace/bk/install/passo/pagina-2.php on line 11
[30-May-2016 11:05:59 UTC] PHP Stack trace:
[30-May-2016 11:05:59 UTC] PHP   1. {main}() /home/ubuntu/workspace/bk/install/index.php:0
[30-May-2016 11:05:59 UTC] PHP   2. require_once() /home/ubuntu/workspace/bk/install/index.php:13
[30-May-2016 11:05:59 UTC] PHP   3. mysqli_affected_rows() /home/ubuntu/workspace/bk/install/passo/pagina-2.php:11
[30-May-2016 11:06:43 UTC] PHP Warning:  mysqli_connect(): php_network_getaddresses: getaddrinfo failed: No address associated with hostname in /home/ubuntu/workspace/bk/install/passo/pagina-2.php on line 9
[30-May-2016 11:06:43 UTC] PHP Stack trace:
[30-May-2016 11:06:43 UTC] PHP   1. {main}() /home/ubuntu/workspace/bk/install/index.php:0
[30-May-2016 11:06:43 UTC] PHP   2. require_once() /home/ubuntu/workspace/bk/install/index.php:13
[30-May-2016 11:06:43 UTC] PHP   3. mysqli_connect() /home/ubuntu/workspace/bk/install/passo/pagina-2.php:9
[30-May-2016 11:06:43 UTC] PHP Warning:  mysqli_connect(): (HY000/2002): php_network_getaddresses: getaddrinfo failed: No address associated with hostname in /home/ubuntu/workspace/bk/install/passo/pagina-2.php on line 9
[30-May-2016 11:06:43 UTC] PHP Stack trace:
[30-May-2016 11:06:43 UTC] PHP   1. {main}() /home/ubuntu/workspace/bk/install/index.php:0
[30-May-2016 11:06:43 UTC] PHP   2. require_once() /home/ubuntu/workspace/bk/install/index.php:13
[30-May-2016 11:06:43 UTC] PHP   3. mysqli_connect() /home/ubuntu/workspace/bk/install/passo/pagina-2.php:9
[30-May-2016 11:06:43 UTC] PHP Warning:  mysqli_query() expects parameter 1 to be mysqli, boolean given in /home/ubuntu/workspace/bk/install/passo/pagina-2.php on line 10
[30-May-2016 11:06:43 UTC] PHP Stack trace:
[30-May-2016 11:06:43 UTC] PHP   1. {main}() /home/ubuntu/workspace/bk/install/index.php:0
[30-May-2016 11:06:43 UTC] PHP   2. require_once() /home/ubuntu/workspace/bk/install/index.php:13
[30-May-2016 11:06:43 UTC] PHP   3. mysqli_query() /home/ubuntu/workspace/bk/install/passo/pagina-2.php:10
[30-May-2016 11:06:43 UTC] PHP Warning:  mysqli_affected_rows() expects parameter 1 to be mysqli, boolean given in /home/ubuntu/workspace/bk/install/passo/pagina-2.php on line 11
[30-May-2016 11:06:43 UTC] PHP Stack trace:
[30-May-2016 11:06:43 UTC] PHP   1. {main}() /home/ubuntu/workspace/bk/install/index.php:0
[30-May-2016 11:06:43 UTC] PHP   2. require_once() /home/ubuntu/workspace/bk/install/index.php:13
[30-May-2016 11:06:43 UTC] PHP   3. mysqli_affected_rows() /home/ubuntu/workspace/bk/install/passo/pagina-2.php:11
[30-May-2016 11:22:22 UTC] PHP Warning:  mysqli_connect(): php_network_getaddresses: getaddrinfo failed: No address associated with hostname in /home/ubuntu/workspace/bk/install/passo/pagina-2.php on line 9
[30-May-2016 11:22:22 UTC] PHP Stack trace:
[30-May-2016 11:22:22 UTC] PHP   1. {main}() /home/ubuntu/workspace/bk/install/index.php:0
[30-May-2016 11:22:22 UTC] PHP   2. require_once() /home/ubuntu/workspace/bk/install/index.php:13
[30-May-2016 11:22:22 UTC] PHP   3. mysqli_connect() /home/ubuntu/workspace/bk/install/passo/pagina-2.php:9
[30-May-2016 11:22:22 UTC] PHP Warning:  mysqli_connect(): (HY000/2002): php_network_getaddresses: getaddrinfo failed: No address associated with hostname in /home/ubuntu/workspace/bk/install/passo/pagina-2.php on line 9
[30-May-2016 11:22:22 UTC] PHP Stack trace:
[30-May-2016 11:22:22 UTC] PHP   1. {main}() /home/ubuntu/workspace/bk/install/index.php:0
[30-May-2016 11:22:22 UTC] PHP   2. require_once() /home/ubuntu/workspace/bk/install/index.php:13
[30-May-2016 11:22:22 UTC] PHP   3. mysqli_connect() /home/ubuntu/workspace/bk/install/passo/pagina-2.php:9
[30-May-2016 11:22:22 UTC] PHP Warning:  mysqli_query() expects parameter 1 to be mysqli, boolean given in /home/ubuntu/workspace/bk/install/passo/pagina-2.php on line 10
[30-May-2016 11:22:22 UTC] PHP Stack trace:
[30-May-2016 11:22:22 UTC] PHP   1. {main}() /home/ubuntu/workspace/bk/install/index.php:0
[30-May-2016 11:22:22 UTC] PHP   2. require_once() /home/ubuntu/workspace/bk/install/index.php:13
[30-May-2016 11:22:22 UTC] PHP   3. mysqli_query() /home/ubuntu/workspace/bk/install/passo/pagina-2.php:10
[30-May-2016 11:22:22 UTC] PHP Warning:  mysqli_affected_rows() expects parameter 1 to be mysqli, boolean given in /home/ubuntu/workspace/bk/install/passo/pagina-2.php on line 11
[30-May-2016 11:22:22 UTC] PHP Stack trace:
[30-May-2016 11:22:22 UTC] PHP   1. {main}() /home/ubuntu/workspace/bk/install/index.php:0
[30-May-2016 11:22:22 UTC] PHP   2. require_once() /home/ubuntu/workspace/bk/install/index.php:13
[30-May-2016 11:22:22 UTC] PHP   3. mysqli_affected_rows() /home/ubuntu/workspace/bk/install/passo/pagina-2.php:11
[30-May-2016 11:24:08 UTC] PHP Warning:  mysqli_connect(): php_network_getaddresses: getaddrinfo failed: No address associated with hostname in /home/ubuntu/workspace/bk/install/passo/pagina-2.php on line 9
[30-May-2016 11:24:08 UTC] PHP Stack trace:
[30-May-2016 11:24:08 UTC] PHP   1. {main}() /home/ubuntu/workspace/bk/install/index.php:0
[30-May-2016 11:24:08 UTC] PHP   2. require_once() /home/ubuntu/workspace/bk/install/index.php:13
[30-May-2016 11:24:08 UTC] PHP   3. mysqli_connect() /home/ubuntu/workspace/bk/install/passo/pagina-2.php:9
[30-May-2016 11:24:08 UTC] PHP Warning:  mysqli_connect(): (HY000/2002): php_network_getaddresses: getaddrinfo failed: No address associated with hostname in /home/ubuntu/workspace/bk/install/passo/pagina-2.php on line 9
[30-May-2016 11:24:08 UTC] PHP Stack trace:
[30-May-2016 11:24:08 UTC] PHP   1. {main}() /home/ubuntu/workspace/bk/install/index.php:0
[30-May-2016 11:24:08 UTC] PHP   2. require_once() /home/ubuntu/workspace/bk/install/index.php:13
[30-May-2016 11:24:08 UTC] PHP   3. mysqli_connect() /home/ubuntu/workspace/bk/install/passo/pagina-2.php:9
[30-May-2016 11:24:08 UTC] PHP Warning:  mysqli_query() expects parameter 1 to be mysqli, boolean given in /home/ubuntu/workspace/bk/install/passo/pagina-2.php on line 10
[30-May-2016 11:24:08 UTC] PHP Stack trace:
[30-May-2016 11:24:08 UTC] PHP   1. {main}() /home/ubuntu/workspace/bk/install/index.php:0
[30-May-2016 11:24:08 UTC] PHP   2. require_once() /home/ubuntu/workspace/bk/install/index.php:13
[30-May-2016 11:24:08 UTC] PHP   3. mysqli_query() /home/ubuntu/workspace/bk/install/passo/pagina-2.php:10
[30-May-2016 11:24:08 UTC] PHP Warning:  mysqli_affected_rows() expects parameter 1 to be mysqli, boolean given in /home/ubuntu/workspace/bk/install/passo/pagina-2.php on line 11
[30-May-2016 11:24:08 UTC] PHP Stack trace:
[30-May-2016 11:24:08 UTC] PHP   1. {main}() /home/ubuntu/workspace/bk/install/index.php:0
[30-May-2016 11:24:08 UTC] PHP   2. require_once() /home/ubuntu/workspace/bk/install/index.php:13
[30-May-2016 11:24:08 UTC] PHP   3. mysqli_affected_rows() /home/ubuntu/workspace/bk/install/passo/pagina-2.php:11
[30-May-2016 11:26:17 UTC] PHP Warning:  dirname() expects exactly 1 parameter, 0 given in /home/ubuntu/workspace/bk/install/passo/header.php on line 7
[30-May-2016 11:26:17 UTC] PHP Stack trace:
[30-May-2016 11:26:17 UTC] PHP   1. {main}() /home/ubuntu/workspace/bk/install/index.php:0
[30-May-2016 11:26:17 UTC] PHP   2. require_once() /home/ubuntu/workspace/bk/install/index.php:13
[30-May-2016 11:26:17 UTC] PHP   3. require() /home/ubuntu/workspace/bk/install/passo/pagina-1.php:51
[30-May-2016 11:26:17 UTC] PHP   4. dirname() /home/ubuntu/workspace/bk/install/passo/header.php:7
[30-May-2016 11:32:53 UTC] PHP Catchable fatal error:  Object of class mysqli could not be converted to string in /home/ubuntu/workspace/bk/install/passo/pagina-2.php on line 10
[30-May-2016 11:32:53 UTC] PHP Stack trace:
[30-May-2016 11:32:53 UTC] PHP   1. {main}() /home/ubuntu/workspace/bk/install/index.php:0
[30-May-2016 11:32:53 UTC] PHP   2. require_once() /home/ubuntu/workspace/bk/install/index.php:13
[30-May-2016 11:33:41 UTC] PHP Warning:  mysqli_affected_rows() expects parameter 1 to be mysqli, boolean given in /home/ubuntu/workspace/bk/install/passo/pagina-2.php on line 9
[30-May-2016 11:33:41 UTC] PHP Stack trace:
[30-May-2016 11:33:41 UTC] PHP   1. {main}() /home/ubuntu/workspace/bk/install/index.php:0
[30-May-2016 11:33:41 UTC] PHP   2. require_once() /home/ubuntu/workspace/bk/install/index.php:13
[30-May-2016 11:33:41 UTC] PHP   3. mysqli_affected_rows() /home/ubuntu/workspace/bk/install/passo/pagina-2.php:9
[30-May-2016 11:34:03 UTC] PHP Warning:  mysqli_affected_rows() expects parameter 1 to be mysqli, boolean given in /home/ubuntu/workspace/bk/install/passo/pagina-2.php on line 9
[30-May-2016 11:34:03 UTC] PHP Stack trace:
[30-May-2016 11:34:03 UTC] PHP   1. {main}() /home/ubuntu/workspace/bk/install/index.php:0
[30-May-2016 11:34:03 UTC] PHP   2. require_once() /home/ubuntu/workspace/bk/install/index.php:13
[30-May-2016 11:34:03 UTC] PHP   3. mysqli_affected_rows() /home/ubuntu/workspace/bk/install/passo/pagina-2.php:9
[30-May-2016 11:34:19 UTC] PHP Warning:  mysqli_affected_rows() expects parameter 1 to be mysqli, boolean given in /home/ubuntu/workspace/bk/install/passo/pagina-2.php on line 9
[30-May-2016 11:34:19 UTC] PHP Stack trace:
[30-May-2016 11:34:19 UTC] PHP   1. {main}() /home/ubuntu/workspace/bk/install/index.php:0
[30-May-2016 11:34:19 UTC] PHP   2. require_once() /home/ubuntu/workspace/bk/install/index.php:13
[30-May-2016 11:34:19 UTC] PHP   3. mysqli_affected_rows() /home/ubuntu/workspace/bk/install/passo/pagina-2.php:9
[30-May-2016 11:35:05 UTC] PHP Warning:  mysqli_affected_rows() expects parameter 1 to be mysqli, object given in /home/ubuntu/workspace/bk/install/passo/pagina-2.php on line 9
[30-May-2016 11:35:05 UTC] PHP Stack trace:
[30-May-2016 11:35:05 UTC] PHP   1. {main}() /home/ubuntu/workspace/bk/install/index.php:0
[30-May-2016 11:35:05 UTC] PHP   2. require_once() /home/ubuntu/workspace/bk/install/index.php:13
[30-May-2016 11:35:05 UTC] PHP   3. mysqli_affected_rows() /home/ubuntu/workspace/bk/install/passo/pagina-2.php:9
[30-May-2016 11:36:33 UTC] PHP Warning:  mysqli_affected_rows() expects parameter 1 to be mysqli, object given in /home/ubuntu/workspace/bk/install/passo/pagina-2.php on line 9
[30-May-2016 11:36:33 UTC] PHP Stack trace:
[30-May-2016 11:36:33 UTC] PHP   1. {main}() /home/ubuntu/workspace/bk/install/index.php:0
[30-May-2016 11:36:33 UTC] PHP   2. require_once() /home/ubuntu/workspace/bk/install/index.php:13
[30-May-2016 11:36:33 UTC] PHP   3. mysqli_affected_rows() /home/ubuntu/workspace/bk/install/passo/pagina-2.php:9
[30-May-2016 12:12:51 UTC] PHP Warning:  include(header.php): failed to open stream: No such file or directory in /home/ubuntu/workspace/bk/cliente/listar.php on line 15
[30-May-2016 12:12:51 UTC] PHP Stack trace:
[30-May-2016 12:12:51 UTC] PHP   1. {main}() /home/ubuntu/workspace/bk/cliente/listar.php:0
[30-May-2016 12:12:51 UTC] PHP Warning:  include(): Failed opening 'header.php' for inclusion (include_path='.:/usr/share/php:/usr/share/pear') in /home/ubuntu/workspace/bk/cliente/listar.php on line 15
[30-May-2016 12:12:51 UTC] PHP Stack trace:
[30-May-2016 12:12:51 UTC] PHP   1. {main}() /home/ubuntu/workspace/bk/cliente/listar.php:0
[30-May-2016 12:12:51 UTC] PHP Warning:  include(sidebar.php): failed to open stream: No such file or directory in /home/ubuntu/workspace/bk/cliente/listar.php on line 17
[30-May-2016 12:12:51 UTC] PHP Stack trace:
[30-May-2016 12:12:51 UTC] PHP   1. {main}() /home/ubuntu/workspace/bk/cliente/listar.php:0
[30-May-2016 12:12:51 UTC] PHP Warning:  include(): Failed opening 'sidebar.php' for inclusion (include_path='.:/usr/share/php:/usr/share/pear') in /home/ubuntu/workspace/bk/cliente/listar.php on line 17
[30-May-2016 12:12:51 UTC] PHP Stack trace:
[30-May-2016 12:12:51 UTC] PHP   1. {main}() /home/ubuntu/workspace/bk/cliente/listar.php:0
[30-May-2016 12:12:51 UTC] PHP Warning:  include(footer.php): failed to open stream: No such file or directory in /home/ubuntu/workspace/bk/cliente/listar.php on line 65
[30-May-2016 12:12:51 UTC] PHP Stack trace:
[30-May-2016 12:12:51 UTC] PHP   1. {main}() /home/ubuntu/workspace/bk/cliente/listar.php:0
[30-May-2016 12:12:51 UTC] PHP Warning:  include(): Failed opening 'footer.php' for inclusion (include_path='.:/usr/share/php:/usr/share/pear') in /home/ubuntu/workspace/bk/cliente/listar.php on line 65
[30-May-2016 12:12:51 UTC] PHP Stack trace:
[30-May-2016 12:12:51 UTC] PHP   1. {main}() /home/ubuntu/workspace/bk/cliente/listar.php:0
[30-May-2016 12:13:14 UTC] PHP Warning:  include(footer.php): failed to open stream: No such file or directory in /home/ubuntu/workspace/bk/cliente/listar.php on line 65
[30-May-2016 12:13:14 UTC] PHP Stack trace:
[30-May-2016 12:13:14 UTC] PHP   1. {main}() /home/ubuntu/workspace/bk/cliente/listar.php:0
[30-May-2016 12:13:14 UTC] PHP Warning:  include(): Failed opening 'footer.php' for inclusion (include_path='.:/usr/share/php:/usr/share/pear') in /home/ubuntu/workspace/bk/cliente/listar.php on line 65
[30-May-2016 12:13:14 UTC] PHP Stack trace:
[30-May-2016 12:13:14 UTC] PHP   1. {main}() /home/ubuntu/workspace/bk/cliente/listar.php:0
[30-May-2016 14:16:03 UTC] PHP Warning:  include(sistema/config.inc.php): failed to open stream: No such file or directory in /home/ubuntu/workspace/bk/comparativo/semanal.php on line 3
[30-May-2016 14:16:03 UTC] PHP Stack trace:
[30-May-2016 14:16:03 UTC] PHP   1. {main}() /home/ubuntu/workspace/bk/comparativo/semanal.php:0
[30-May-2016 14:16:03 UTC] PHP Warning:  include(): Failed opening 'sistema/config.inc.php' for inclusion (include_path='.:/usr/share/php:/usr/share/pear') in /home/ubuntu/workspace/bk/comparativo/semanal.php on line 3
[30-May-2016 14:16:03 UTC] PHP Stack trace:
[30-May-2016 14:16:03 UTC] PHP   1. {main}() /home/ubuntu/workspace/bk/comparativo/semanal.php:0
[30-May-2016 14:16:03 UTC] PHP Warning:  include(sistema/funcoes.php): failed to open stream: No such file or directory in /home/ubuntu/workspace/bk/comparativo/semanal.php on line 4
[30-May-2016 14:16:03 UTC] PHP Stack trace:
[30-May-2016 14:16:03 UTC] PHP   1. {main}() /home/ubuntu/workspace/bk/comparativo/semanal.php:0
[30-May-2016 14:16:03 UTC] PHP Warning:  include(): Failed opening 'sistema/funcoes.php' for inclusion (include_path='.:/usr/share/php:/usr/share/pear') in /home/ubuntu/workspace/bk/comparativo/semanal.php on line 4
[30-May-2016 14:16:03 UTC] PHP Stack trace:
[30-May-2016 14:16:03 UTC] PHP   1. {main}() /home/ubuntu/workspace/bk/comparativo/semanal.php:0
[30-May-2016 14:16:03 UTC] PHP Warning:  include(header.php): failed to open stream: No such file or directory in /home/ubuntu/workspace/bk/comparativo/semanal.php on line 18
[30-May-2016 14:16:03 UTC] PHP Stack trace:
[30-May-2016 14:16:03 UTC] PHP   1. {main}() /home/ubuntu/workspace/bk/comparativo/semanal.php:0
[30-May-2016 14:16:03 UTC] PHP Warning:  include(): Failed opening 'header.php' for inclusion (include_path='.:/usr/share/php:/usr/share/pear') in /home/ubuntu/workspace/bk/comparativo/semanal.php on line 18
[30-May-2016 14:16:03 UTC] PHP Stack trace:
[30-May-2016 14:16:03 UTC] PHP   1. {main}() /home/ubuntu/workspace/bk/comparativo/semanal.php:0
[30-May-2016 14:16:03 UTC] PHP Warning:  include(sidebar.php): failed to open stream: No such file or directory in /home/ubuntu/workspace/bk/comparativo/semanal.php on line 20
[30-May-2016 14:16:03 UTC] PHP Stack trace:
[30-May-2016 14:16:03 UTC] PHP   1. {main}() /home/ubuntu/workspace/bk/comparativo/semanal.php:0
[30-May-2016 14:16:03 UTC] PHP Warning:  include(): Failed opening 'sidebar.php' for inclusion (include_path='.:/usr/share/php:/usr/share/pear') in /home/ubuntu/workspace/bk/comparativo/semanal.php on line 20
[30-May-2016 14:16:03 UTC] PHP Stack trace:
[30-May-2016 14:16:03 UTC] PHP   1. {main}() /home/ubuntu/workspace/bk/comparativo/semanal.php:0
[30-May-2016 14:16:03 UTC] PHP Warning:  include(footer.php): failed to open stream: No such file or directory in /home/ubuntu/workspace/bk/comparativo/semanal.php on line 211
[30-May-2016 14:16:03 UTC] PHP Stack trace:
[30-May-2016 14:16:03 UTC] PHP   1. {main}() /home/ubuntu/workspace/bk/comparativo/semanal.php:0
[30-May-2016 14:16:03 UTC] PHP Warning:  include(): Failed opening 'footer.php' for inclusion (include_path='.:/usr/share/php:/usr/share/pear') in /home/ubuntu/workspace/bk/comparativo/semanal.php on line 211
[30-May-2016 14:16:03 UTC] PHP Stack trace:
[30-May-2016 14:16:03 UTC] PHP   1. {main}() /home/ubuntu/workspace/bk/comparativo/semanal.php:0
[30-May-2016 17:13:14 UTC] PHP Warning:  require_once(passo/pagina-.php): failed to open stream: No such file or directory in /home/ubuntu/workspace/install/index.php on line 13
[30-May-2016 17:13:14 UTC] PHP Stack trace:
[30-May-2016 17:13:14 UTC] PHP   1. {main}() /home/ubuntu/workspace/install/index.php:0
[30-May-2016 17:13:14 UTC] PHP Fatal error:  require_once(): Failed opening required 'passo/pagina-.php' (include_path='.:/usr/share/php:/usr/share/pear') in /home/ubuntu/workspace/install/index.php on line 13
[30-May-2016 17:13:14 UTC] PHP Stack trace:
[30-May-2016 17:13:14 UTC] PHP   1. {main}() /home/ubuntu/workspace/install/index.php:0
[30-May-2016 17:13:15 UTC] PHP Warning:  require(../sistema/funcoes.php): failed to open stream: No such file or directory in /home/ubuntu/workspace/install/passo/header.php on line 2
[30-May-2016 17:13:15 UTC] PHP Stack trace:
[30-May-2016 17:13:15 UTC] PHP   1. {main}() /home/ubuntu/workspace/install/index.php:0
[30-May-2016 17:13:15 UTC] PHP   2. require_once() /home/ubuntu/workspace/install/index.php:13
[30-May-2016 17:13:15 UTC] PHP   3. require() /home/ubuntu/workspace/install/passo/pagina-1.php:51
[30-May-2016 17:13:15 UTC] PHP Fatal error:  require(): Failed opening required '../sistema/funcoes.php' (include_path='.:/usr/share/php:/usr/share/pear') in /home/ubuntu/workspace/install/passo/header.php on line 2
[30-May-2016 17:13:15 UTC] PHP Stack trace:
[30-May-2016 17:13:15 UTC] PHP   1. {main}() /home/ubuntu/workspace/install/index.php:0
[30-May-2016 17:13:15 UTC] PHP   2. require_once() /home/ubuntu/workspace/install/index.php:13
[30-May-2016 17:13:15 UTC] PHP   3. require() /home/ubuntu/workspace/install/passo/pagina-1.php:51
[30-May-2016 17:13:19 UTC] PHP Warning:  require(../sistema/funcoes.php): failed to open stream: No such file or directory in /home/ubuntu/workspace/install/passo/header.php on line 2
[30-May-2016 17:13:19 UTC] PHP Stack trace:
[30-May-2016 17:13:19 UTC] PHP   1. {main}() /home/ubuntu/workspace/install/index.php:0
[30-May-2016 17:13:19 UTC] PHP   2. require_once() /home/ubuntu/workspace/install/index.php:13
[30-May-2016 17:13:19 UTC] PHP   3. require() /home/ubuntu/workspace/install/passo/pagina-1.php:51
[30-May-2016 17:13:19 UTC] PHP Fatal error:  require(): Failed opening required '../sistema/funcoes.php' (include_path='.:/usr/share/php:/usr/share/pear') in /home/ubuntu/workspace/install/passo/header.php on line 2
[30-May-2016 17:13:19 UTC] PHP Stack trace:
[30-May-2016 17:13:19 UTC] PHP   1. {main}() /home/ubuntu/workspace/install/index.php:0
[30-May-2016 17:13:19 UTC] PHP   2. require_once() /home/ubuntu/workspace/install/index.php:13
[30-May-2016 17:13:19 UTC] PHP   3. require() /home/ubuntu/workspace/install/passo/pagina-1.php:51
[30-May-2016 17:13:22 UTC] PHP Warning:  require(../sistema/funcoes.php): failed to open stream: No such file or directory in /home/ubuntu/workspace/install/passo/header.php on line 2
[30-May-2016 17:13:22 UTC] PHP Stack trace:
[30-May-2016 17:13:22 UTC] PHP   1. {main}() /home/ubuntu/workspace/install/index.php:0
[30-May-2016 17:13:22 UTC] PHP   2. require_once() /home/ubuntu/workspace/install/index.php:13
[30-May-2016 17:13:22 UTC] PHP   3. require() /home/ubuntu/workspace/install/passo/pagina-1.php:51
[30-May-2016 17:13:22 UTC] PHP Fatal error:  require(): Failed opening required '../sistema/funcoes.php' (include_path='.:/usr/share/php:/usr/share/pear') in /home/ubuntu/workspace/install/passo/header.php on line 2
[30-May-2016 17:13:22 UTC] PHP Stack trace:
[30-May-2016 17:13:22 UTC] PHP   1. {main}() /home/ubuntu/workspace/install/index.php:0
[30-May-2016 17:13:22 UTC] PHP   2. require_once() /home/ubuntu/workspace/install/index.php:13
[30-May-2016 17:13:22 UTC] PHP   3. require() /home/ubuntu/workspace/install/passo/pagina-1.php:51
[15-Jun-2016 11:14:44 UTC] PHP Fatal error:  Uncaught exception 'PDOException' with message 'SQLSTATE[HY000] [1049] Unknown database 'videoaula'' in /home/ubuntu/workspace/chat/classes/BD.class.php:9
Stack trace:
#0 /home/ubuntu/workspace/chat/classes/BD.class.php(9): PDO->__construct('mysql:host=loca...', 'root', '')
#1 /home/ubuntu/workspace/chat/index.php(5): BD::conn()
#2 {main}
  thrown in /home/ubuntu/workspace/chat/classes/BD.class.php on line 9
